Using pre-set license
Built from '2020.3/staging' branch; Version is '2020.3.16f1 (049d6eca3c44) revision 302446'; Using compiler version '192528614'; Build Type 'Release'
OS: 'Windows 10 Home; OS build 19044.1526; Version 2009; 64bit' Language: 'en' Physical Memory: 16295 MB
BatchMode: 1, IsHumanControllingUs: 0, StartBugReporterOnCrash: 0, Is64bit: 1, IsPro: 0

 COMMAND LINE ARGUMENTS:
C:\Program Files\Unity\Hub\Editor\2020.3.16f1\Editor\Unity.exe
-adb2
-batchMode
-noUpm
-name
AssetImportWorker0
-projectPath
C:/Users/gdnic/Documents/GitHub/DIG3480_Tutorial1.5
-logFile
Logs/AssetImportWorker0.log
-srvPort
64496
Successfully changed project path to: C:/Users/gdnic/Documents/GitHub/DIG3480_Tutorial1.5
C:/Users/gdnic/Documents/GitHub/DIG3480_Tutorial1.5
Using Asset Import Pipeline V2.
Refreshing native plugins compatible for Editor in 42.30 ms, found 3 plugins.
Preloading 0 native plugins for Editor in 0.00 ms.
Initialize engine version: 2020.3.16f1 (049d6eca3c44)
[Subsystems] Discovering subsystems at path C:/Program Files/Unity/Hub/Editor/2020.3.16f1/Editor/Data/Resources/UnitySubsystems
[Subsystems] Discovering subsystems at path C:/Users/gdnic/Documents/GitHub/DIG3480_Tutorial1.5/Assets
GfxDevice: creating device client; threaded=0
Direct3D:
    Version:  Direct3D 11.0 [level 11.1]
    Renderer: NVIDIA GeForce RTX 3060 (ID=0x2503)
    Vendor:   
    VRAM:     12142 MB
    Driver:   30.0.15.1165
Initialize mono
Mono path[0] = 'C:/Program Files/Unity/Hub/Editor/2020.3.16f1/Editor/Data/Managed'
Mono path[1] = 'C:/Program Files/Unity/Hub/Editor/2020.3.16f1/Editor/Data/MonoBleedingEdge/lib/mono/unityjit'
Mono config path = 'C:/Program Files/Unity/Hub/Editor/2020.3.16f1/Editor/Data/MonoBleedingEdge/etc'
Using monoOptions --debugger-agent=transport=dt_socket,embedding=1,server=y,suspend=n,address=127.0.0.1:56532
Begin MonoManager ReloadAssembly
Registering precompiled unity dll's ...
Register platform support module: C:/Program Files/Unity/Hub/Editor/2020.3.16f1/Editor/Data/PlaybackEngines/WebGLSupport/UnityEditor.WebGL.Extensions.dll
Register platform support module: C:/Program Files/Unity/Hub/Editor/2020.3.16f1/Editor/Data/PlaybackEngines/MacStandaloneSupport/UnityEditor.OSXStandalone.Extensions.dll
Register platform support module: C:/Program Files/Unity/Hub/Editor/2020.3.16f1/Editor/Data/PlaybackEngines/WindowsStandaloneSupport/UnityEditor.WindowsStandalone.Extensions.dll
Registered in 0.002623 seconds.
Native extension for WindowsStandalone target not found
Native extension for OSXStandalone target not found
Native extension for WebGL target not found
Refreshing native plugins compatible for Editor in 42.96 ms, found 3 plugins.
Preloading 0 native plugins for Editor in 0.00 ms.
Mono: successfully reloaded assembly
- Completed reload, in  1.151 seconds
Domain Reload Profiling:
	ReloadAssembly (1151ms)
		BeginReloadAssembly (55ms)
			ExecutionOrderSort (0ms)
			DisableScriptedObjects (0ms)
			BackupInstance (0ms)
			ReleaseScriptingObjects (0ms)
			CreateAndSetChildDomain (1ms)
		EndReloadAssembly (453ms)
			LoadAssemblies (54ms)
			RebuildTransferFunctionScriptingTraits (0ms)
			SetupTypeCache (166ms)
			ReleaseScriptCaches (0ms)
			RebuildScriptCaches (33ms)
			SetupLoadedEditorAssemblies (178ms)
				LogAssemblyErrors (0ms)
				InitializePlatformSupportModulesInManaged (6ms)
				SetLoadedEditorAssemblies (0ms)
				RefreshPlugins (43ms)
				BeforeProcessingInitializeOnLoad (17ms)
				ProcessInitializeOnLoadAttributes (83ms)
				ProcessInitializeOnLoadMethodAttributes (29ms)
				AfterProcessingInitializeOnLoad (0ms)
				EditorAssembliesLoaded (0ms)
			ExecutionOrderSort2 (0ms)
			AwakeInstancesAfterBackupRestoration (0ms)
Platform modules already initialized, skipping
Registering precompiled user dll's ...
Registered in 0.003842 seconds.
Begin MonoManager ReloadAssembly
Native extension for WindowsStandalone target not found
Native extension for OSXStandalone target not found
Native extension for WebGL target not found
Refreshing native plugins compatible for Editor in 44.49 ms, found 3 plugins.
Preloading 0 native plugins for Editor in 0.00 ms.
Mono: successfully reloaded assembly
- Completed reload, in  1.246 seconds
Domain Reload Profiling:
	ReloadAssembly (1246ms)
		BeginReloadAssembly (151ms)
			ExecutionOrderSort (0ms)
			DisableScriptedObjects (5ms)
			BackupInstance (0ms)
			ReleaseScriptingObjects (0ms)
			CreateAndSetChildDomain (22ms)
		EndReloadAssembly (1030ms)
			LoadAssemblies (92ms)
			RebuildTransferFunctionScriptingTraits (0ms)
			SetupTypeCache (314ms)
			ReleaseScriptCaches (0ms)
			RebuildScriptCaches (49ms)
			SetupLoadedEditorAssemblies (439ms)
				LogAssemblyErrors (0ms)
				InitializePlatformSupportModulesInManaged (6ms)
				SetLoadedEditorAssemblies (0ms)
				RefreshPlugins (45ms)
				BeforeProcessingInitializeOnLoad (82ms)
				ProcessInitializeOnLoadAttributes (286ms)
				ProcessInitializeOnLoadMethodAttributes (13ms)
				AfterProcessingInitializeOnLoad (6ms)
				EditorAssembliesLoaded (0ms)
			ExecutionOrderSort2 (0ms)
			AwakeInstancesAfterBackupRestoration (7ms)
Platform modules already initialized, skipping
========================================================================
Worker process is ready to serve import requests
Launched and connected shader compiler UnityShaderCompiler.exe after 0.09 seconds
Refreshing native plugins compatible for Editor in 0.54 ms, found 3 plugins.
Preloading 0 native plugins for Editor in 0.00 ms.
Unloading 2092 Unused Serialized files (Serialized files now loaded: 0)
System memory in use before: 93.0 MB.
System memory in use after: 93.1 MB.

Unloading 28 unused Assets to reduce memory usage. Loaded Objects now: 2529.
Total: 3.002700 ms (FindLiveObjects: 0.197000 ms CreateObjectMapping: 0.085700 ms MarkObjects: 2.651500 ms  DeleteObjects: 0.067500 ms)

AssetImportParameters requested are different than current active one (requested -> active):
  custom:framework-win-MediaFoundation: 216162199b28c13a410421893ffa2e32 -> 
  custom:video-decoder-ogg-theora: a1e56fd34408186e4bbccfd4996cb3dc -> 
  custom:container-muxer-webm: aa71ff27fc2769a1b78a27578f13a17b -> 
  custom:container-demuxer-webm: 4f35f7cbe854078d1ac9338744f61a02 -> 
  custom:container-demuxer-ogg: 62fdf1f143b41e24485cea50d1cbac27 -> 
  custom:video-encoder-webm-vp8: eb34c28f22e8b96e1ab97ce403110664 -> 
  custom:video-decoder-webm-vp8: 9c59270c3fd7afecdb556c50c9e8de78 -> 
  custom:audio-decoder-ogg-vorbis: bf7c407c2cedff20999df2af8eb42d56 -> 
  custom:audio-encoder-webm-vorbis: bf7c407c2cedff20999df2af8eb42d56 -> 
========================================================================
Received Import Request.
  path: Assets
  artifactKey: Guid(00000000000000001000000000000000) Importer(815301076,1909f56bfc062723c751e8b465ee728b)
Start importing Assets using Guid(00000000000000001000000000000000) Importer(815301076,1909f56bfc062723c751e8b465ee728b)  -> (artifact id: '42d402b061de3733987d63b9cc3b64de') in 0.009419 seconds 
  Import took 0.013057 seconds .

========================================================================
Received Import Request.
  Time since last request: 1.923511 seconds.
  path: Assets/Sounds
  artifactKey: Guid(8bbe82d044cea3548b6d8544b35b0c10) Importer(815301076,1909f56bfc062723c751e8b465ee728b)
Start importing Assets/Sounds using Guid(8bbe82d044cea3548b6d8544b35b0c10) Importer(815301076,1909f56bfc062723c751e8b465ee728b)  -> (artifact id: '133143a6cbac5baa06b089e4dbdd9315') in 0.007421 seconds 
  Import took 0.011170 seconds .

========================================================================
Received Import Request.
  Time since last request: 4.423324 seconds.
  path: Assets/Sprites
  artifactKey: Guid(3efdfc5d49b34a84b80d854ed32b5816) Importer(815301076,1909f56bfc062723c751e8b465ee728b)
Start importing Assets/Sprites using Guid(3efdfc5d49b34a84b80d854ed32b5816) Importer(815301076,1909f56bfc062723c751e8b465ee728b)  -> (artifact id: '7970dca6c59d1f5eb41c5069d4494f20') in 0.007480 seconds 
  Import took 0.012153 seconds .

========================================================================
Received Import Request.
  Time since last request: 0.005898 seconds.
  path: Assets/Sprites
  artifactKey: Guid(3efdfc5d49b34a84b80d854ed32b5816) Importer(815301076,1909f56bfc062723c751e8b465ee728b)
Start importing Assets/Sprites using Guid(3efdfc5d49b34a84b80d854ed32b5816) Importer(815301076,1909f56bfc062723c751e8b465ee728b)  -> (artifact id: '7970dca6c59d1f5eb41c5069d4494f20') in 0.002184 seconds 
  Import took 0.005363 seconds .

========================================================================
Received Import Request.
  Time since last request: 8.477263 seconds.
  path: Assets/Animations
  artifactKey: Guid(b003badc44e7b5d4182d4d0a91086c57) Importer(815301076,1909f56bfc062723c751e8b465ee728b)
Start importing Assets/Animations using Guid(b003badc44e7b5d4182d4d0a91086c57) Importer(815301076,1909f56bfc062723c751e8b465ee728b)  -> (artifact id: 'e697a548c3cf30f57e0f49ee5304322c') in 0.006391 seconds 
  Import took 0.010217 seconds .

========================================================================
Received Import Request.
  Time since last request: 3.594564 seconds.
  path: Assets/Scripts
  artifactKey: Guid(3a1938118abe79146aaf6cb5dab1c0c9) Importer(815301076,1909f56bfc062723c751e8b465ee728b)
Start importing Assets/Scripts using Guid(3a1938118abe79146aaf6cb5dab1c0c9) Importer(815301076,1909f56bfc062723c751e8b465ee728b)  -> (artifact id: 'a8129b97e4564b20f28815b97c0c78b4') in 0.006254 seconds 
  Import took 0.009974 seconds .

========================================================================
Received Prepare
Registering precompiled user dll's ...
Registered in 0.003900 seconds.
Begin MonoManager ReloadAssembly
Native extension for WindowsStandalone target not found
Native extension for OSXStandalone target not found
Native extension for WebGL target not found
Refreshing native plugins compatible for Editor in 0.48 ms, found 3 plugins.
Preloading 0 native plugins for Editor in 0.00 ms.
Mono: successfully reloaded assembly
- Completed reload, in  1.108 seconds
Domain Reload Profiling:
	ReloadAssembly (1109ms)
		BeginReloadAssembly (123ms)
			ExecutionOrderSort (0ms)
			DisableScriptedObjects (7ms)
			BackupInstance (0ms)
			ReleaseScriptingObjects (0ms)
			CreateAndSetChildDomain (36ms)
		EndReloadAssembly (920ms)
			LoadAssemblies (91ms)
			RebuildTransferFunctionScriptingTraits (0ms)
			SetupTypeCache (293ms)
			ReleaseScriptCaches (1ms)
			RebuildScriptCaches (43ms)
			SetupLoadedEditorAssemblies (383ms)
				LogAssemblyErrors (0ms)
				InitializePlatformSupportModulesInManaged (7ms)
				SetLoadedEditorAssemblies (0ms)
				RefreshPlugins (1ms)
				BeforeProcessingInitializeOnLoad (84ms)
				ProcessInitializeOnLoadAttributes (279ms)
				ProcessInitializeOnLoadMethodAttributes (6ms)
				AfterProcessingInitializeOnLoad (6ms)
				EditorAssembliesLoaded (0ms)
			ExecutionOrderSort2 (0ms)
			AwakeInstancesAfterBackupRestoration (12ms)
Platform modules already initialized, skipping
Refreshing native plugins compatible for Editor in 0.47 ms, found 3 plugins.
Preloading 0 native plugins for Editor in 0.00 ms.
Unloading 2082 Unused Serialized files (Serialized files now loaded: 0)
System memory in use before: 92.5 MB.
System memory in use after: 92.6 MB.

Unloading 16 unused Assets to reduce memory usage. Loaded Objects now: 2532.
Total: 3.590000 ms (FindLiveObjects: 0.193000 ms CreateObjectMapping: 0.093400 ms MarkObjects: 3.277600 ms  DeleteObjects: 0.024900 ms)

AssetImportParameters requested are different than current active one (requested -> active):
  custom:framework-win-MediaFoundation: 216162199b28c13a410421893ffa2e32 -> 
  custom:video-decoder-ogg-theora: a1e56fd34408186e4bbccfd4996cb3dc -> 
  custom:container-muxer-webm: aa71ff27fc2769a1b78a27578f13a17b -> 
  custom:container-demuxer-webm: 4f35f7cbe854078d1ac9338744f61a02 -> 
  custom:container-demuxer-ogg: 62fdf1f143b41e24485cea50d1cbac27 -> 
  custom:video-encoder-webm-vp8: eb34c28f22e8b96e1ab97ce403110664 -> 
  custom:video-decoder-webm-vp8: 9c59270c3fd7afecdb556c50c9e8de78 -> 
  custom:audio-decoder-ogg-vorbis: bf7c407c2cedff20999df2af8eb42d56 -> 
  custom:audio-encoder-webm-vorbis: bf7c407c2cedff20999df2af8eb42d56 -> 
========================================================================
Received Import Request.
  Time since last request: 32.918419 seconds.
  path: Assets/Animations/cat
  artifactKey: Guid(f16f97a9227f72d4fa0a2cb7ac01eb18) Importer(815301076,1909f56bfc062723c751e8b465ee728b)
Start importing Assets/Animations/cat using Guid(f16f97a9227f72d4fa0a2cb7ac01eb18) Importer(815301076,1909f56bfc062723c751e8b465ee728b)  -> (artifact id: '1adca833fa0909f00284f94951d9dd8c') in 0.009242 seconds 
  Import took 0.012660 seconds .

========================================================================
Received Import Request.
  Time since last request: 16.772586 seconds.
  path: Assets/d
  artifactKey: Guid(3efdfc5d49b34a84b80d854ed32b5816) Importer(815301076,1909f56bfc062723c751e8b465ee728b)
Start importing Assets/d using Guid(3efdfc5d49b34a84b80d854ed32b5816) Importer(815301076,1909f56bfc062723c751e8b465ee728b)  -> (artifact id: '89aae7fd1717f65b1cab60636fb2fedc') in 0.006374 seconds 
  Import took 0.009864 seconds .

========================================================================
Received Import Request.
  Time since last request: 4.494156 seconds.
  path: Assets/Sprites
  artifactKey: Guid(b003badc44e7b5d4182d4d0a91086c57) Importer(815301076,1909f56bfc062723c751e8b465ee728b)
Start importing Assets/Sprites using Guid(b003badc44e7b5d4182d4d0a91086c57) Importer(815301076,1909f56bfc062723c751e8b465ee728b)  -> (artifact id: 'c8b6f172d9a01e71764fa0209bb1fc64') in 0.005820 seconds 
  Import took 0.010510 seconds .

========================================================================
Received Import Request.
  Time since last request: 5.074530 seconds.
  path: Assets/Animations
  artifactKey: Guid(3efdfc5d49b34a84b80d854ed32b5816) Importer(815301076,1909f56bfc062723c751e8b465ee728b)
Start importing Assets/Animations using Guid(3efdfc5d49b34a84b80d854ed32b5816) Importer(815301076,1909f56bfc062723c751e8b465ee728b)  -> (artifact id: '44e1e1b3c2d489d973499c110fc15bd6') in 0.002335 seconds 
  Import took 0.005589 seconds .

========================================================================
Received Import Request.
  Time since last request: 2030.786687 seconds.
  path: Assets/Sprites/cat/Idle (1).png
  artifactKey: Guid(78e92774f3976b84ea716e3fc250f063) Importer(815301076,1909f56bfc062723c751e8b465ee728b)
Start importing Assets/Sprites/cat/Idle (1).png using Guid(78e92774f3976b84ea716e3fc250f063) Importer(815301076,1909f56bfc062723c751e8b465ee728b)  -> (artifact id: '0e3b8541b6a8b4fddc32fb782e2a32f5') in 0.121035 seconds 
  Import took 0.125458 seconds .

========================================================================
Received Import Request.
  Time since last request: 39.233143 seconds.
  path: Assets/Sprites/cat/Walk (1).png
  artifactKey: Guid(36fce26f9f7ba594aa83d9e1c329136a) Importer(815301076,1909f56bfc062723c751e8b465ee728b)
Start importing Assets/Sprites/cat/Walk (1).png using Guid(36fce26f9f7ba594aa83d9e1c329136a) Importer(815301076,1909f56bfc062723c751e8b465ee728b)  -> (artifact id: '1f7132b0a2bbb76052ace8a9490fb81c') in 0.017415 seconds 
  Import took 0.020684 seconds .

========================================================================
Received Import Request.
  Time since last request: 0.016273 seconds.
  path: Assets/Sprites/cat/Walk (1).png
  artifactKey: Guid(36fce26f9f7ba594aa83d9e1c329136a) Importer(815301076,1909f56bfc062723c751e8b465ee728b)
Start importing Assets/Sprites/cat/Walk (1).png using Guid(36fce26f9f7ba594aa83d9e1c329136a) Importer(815301076,1909f56bfc062723c751e8b465ee728b)  -> (artifact id: '1f7132b0a2bbb76052ace8a9490fb81c') in 0.015818 seconds 
  Import took 0.019297 seconds .

========================================================================
Received Import Request.
  Time since last request: 0.448506 seconds.
  path: Assets/Sprites/cat/Walk (9).png
  artifactKey: Guid(32eb18423a7a4a84cbf45395b54da1be) Importer(815301076,1909f56bfc062723c751e8b465ee728b)
Start importing Assets/Sprites/cat/Walk (9).png using Guid(32eb18423a7a4a84cbf45395b54da1be) Importer(815301076,1909f56bfc062723c751e8b465ee728b)  -> (artifact id: 'f69eac4d5b742d5ff3fe45b49df8dc86') in 0.015715 seconds 
  Import took 0.019137 seconds .

========================================================================
Received Import Request.
  Time since last request: 0.001993 seconds.
  path: Assets/Sprites/cat/Walk (9).png
  artifactKey: Guid(32eb18423a7a4a84cbf45395b54da1be) Importer(815301076,1909f56bfc062723c751e8b465ee728b)
Start importing Assets/Sprites/cat/Walk (9).png using Guid(32eb18423a7a4a84cbf45395b54da1be) Importer(815301076,1909f56bfc062723c751e8b465ee728b)  -> (artifact id: 'f69eac4d5b742d5ff3fe45b49df8dc86') in 0.014212 seconds 
  Import took 0.017441 seconds .

========================================================================
Received Import Request.
  Time since last request: 34.615207 seconds.
  path: Assets/Sprites/cat/Run (1).png
  artifactKey: Guid(c372aeb97965b80418e4ebbad77528e8) Importer(815301076,1909f56bfc062723c751e8b465ee728b)
Start importing Assets/Sprites/cat/Run (1).png using Guid(c372aeb97965b80418e4ebbad77528e8) Importer(815301076,1909f56bfc062723c751e8b465ee728b)  -> (artifact id: '54507d6306bca3b2a6f3991a9885f3b8') in 0.021703 seconds 
  Import took 0.026469 seconds .

========================================================================
Received Import Request.
  Time since last request: 0.514102 seconds.
  path: Assets/Sprites/cat/Run (3).png
  artifactKey: Guid(7c7348515100dd040a3560762ac8fbc1) Importer(815301076,1909f56bfc062723c751e8b465ee728b)
Start importing Assets/Sprites/cat/Run (3).png using Guid(7c7348515100dd040a3560762ac8fbc1) Importer(815301076,1909f56bfc062723c751e8b465ee728b)  -> (artifact id: '3e18cb9fd985abdc68641871a4a0c64c') in 0.017079 seconds 
  Import took 0.020477 seconds .

========================================================================
Received Import Request.
  Time since last request: 0.000633 seconds.
  path: Assets/Sprites/cat/Run (3).png
  artifactKey: Guid(7c7348515100dd040a3560762ac8fbc1) Importer(815301076,1909f56bfc062723c751e8b465ee728b)
Start importing Assets/Sprites/cat/Run (3).png using Guid(7c7348515100dd040a3560762ac8fbc1) Importer(815301076,1909f56bfc062723c751e8b465ee728b)  -> (artifact id: '3e18cb9fd985abdc68641871a4a0c64c') in 0.014483 seconds 
  Import took 0.017695 seconds .

========================================================================
Received Import Request.
  Time since last request: 14.324601 seconds.
  path: Assets/Sprites/cat/Idle (7).png
  artifactKey: Guid(9f58ae003f1d8b242a27cfac9a1d0a6e) Importer(815301076,1909f56bfc062723c751e8b465ee728b)
Start importing Assets/Sprites/cat/Idle (7).png using Guid(9f58ae003f1d8b242a27cfac9a1d0a6e) Importer(815301076,1909f56bfc062723c751e8b465ee728b)  -> (artifact id: '438f23f381d909fd65e039e57572e811') in 0.018475 seconds 
  Import took 0.021848 seconds .

========================================================================
Received Import Request.
  Time since last request: 0.001214 seconds.
  path: Assets/Sprites/cat/Idle (7).png
  artifactKey: Guid(9f58ae003f1d8b242a27cfac9a1d0a6e) Importer(815301076,1909f56bfc062723c751e8b465ee728b)
Start importing Assets/Sprites/cat/Idle (7).png using Guid(9f58ae003f1d8b242a27cfac9a1d0a6e) Importer(815301076,1909f56bfc062723c751e8b465ee728b)  -> (artifact id: '438f23f381d909fd65e039e57572e811') in 0.019947 seconds 
  Import took 0.023127 seconds .

========================================================================
Received Import Request.
  Time since last request: 2.084392 seconds.
  path: Assets/Sprites/cat/Idle (10).png
  artifactKey: Guid(fdb15083eeffcf242b3f0605e51d351a) Importer(815301076,1909f56bfc062723c751e8b465ee728b)
Start importing Assets/Sprites/cat/Idle (10).png using Guid(fdb15083eeffcf242b3f0605e51d351a) Importer(815301076,1909f56bfc062723c751e8b465ee728b)  -> (artifact id: 'cb6ff050b75152df72bd37d5a271961e') in 0.017819 seconds 
  Import took 0.021247 seconds .

========================================================================
Received Import Request.
  Time since last request: 14.535875 seconds.
  path: Assets/Sprites/cat/CatIdle.anim
  artifactKey: Guid(dd4f2145234491b45b50bad81233e6b7) Importer(815301076,1909f56bfc062723c751e8b465ee728b)
Start importing Assets/Sprites/cat/CatIdle.anim using Guid(dd4f2145234491b45b50bad81233e6b7) Importer(815301076,1909f56bfc062723c751e8b465ee728b)  -> (artifact id: '49dc4d346e5e7dd5f422c098cad18f7f') in 0.010818 seconds 
  Import took 0.014506 seconds .

========================================================================
Received Import Request.
  Time since last request: 2.699674 seconds.
  path: Assets/Animations/CatIdle.anim
  artifactKey: Guid(dd4f2145234491b45b50bad81233e6b7) Importer(815301076,1909f56bfc062723c751e8b465ee728b)
Start importing Assets/Animations/CatIdle.anim using Guid(dd4f2145234491b45b50bad81233e6b7) Importer(815301076,1909f56bfc062723c751e8b465ee728b)  -> (artifact id: '1470aa882bc04f3bfe7e50a2c3f0e54e') in 0.003009 seconds 
  Import took 0.006520 seconds .

========================================================================
Received Import Request.
  Time since last request: 3.638469 seconds.
  path: Assets/Animations/Idle (1).controller
  artifactKey: Guid(a4ad7df184bd1e4419c377f940fdf6f0) Importer(815301076,1909f56bfc062723c751e8b465ee728b)
Start importing Assets/Animations/Idle (1).controller using Guid(a4ad7df184bd1e4419c377f940fdf6f0) Importer(815301076,1909f56bfc062723c751e8b465ee728b)  -> (artifact id: '9d9412eade6205141da93c2a6c534781') in 0.004789 seconds 
  Import took 0.008153 seconds .

========================================================================
Received Import Request.
  Time since last request: 5.979882 seconds.
  path: Assets/Animations/CatAnimController.controller
  artifactKey: Guid(a4ad7df184bd1e4419c377f940fdf6f0) Importer(815301076,1909f56bfc062723c751e8b465ee728b)
Start importing Assets/Animations/CatAnimController.controller using Guid(a4ad7df184bd1e4419c377f940fdf6f0) Importer(815301076,1909f56bfc062723c751e8b465ee728b)  -> (artifact id: '7eef2fe4b0197c4dfdfeee559996a78b') in 0.007364 seconds 
  Import took 0.010872 seconds .

========================================================================
Received Prepare
Registering precompiled user dll's ...
Registered in 0.004284 seconds.
Begin MonoManager ReloadAssembly
Native extension for WindowsStandalone target not found
Native extension for OSXStandalone target not found
Native extension for WebGL target not found
Refreshing native plugins compatible for Editor in 0.50 ms, found 3 plugins.
Preloading 0 native plugins for Editor in 0.00 ms.
Mono: successfully reloaded assembly
- Completed reload, in  1.172 seconds
Domain Reload Profiling:
	ReloadAssembly (1173ms)
		BeginReloadAssembly (136ms)
			ExecutionOrderSort (0ms)
			DisableScriptedObjects (7ms)
			BackupInstance (0ms)
			ReleaseScriptingObjects (0ms)
			CreateAndSetChildDomain (47ms)
		EndReloadAssembly (970ms)
			LoadAssemblies (96ms)
			RebuildTransferFunctionScriptingTraits (0ms)
			SetupTypeCache (308ms)
			ReleaseScriptCaches (1ms)
			RebuildScriptCaches (47ms)
			SetupLoadedEditorAssemblies (408ms)
				LogAssemblyErrors (0ms)
				InitializePlatformSupportModulesInManaged (7ms)
				SetLoadedEditorAssemblies (1ms)
				RefreshPlugins (1ms)
				BeforeProcessingInitializeOnLoad (84ms)
				ProcessInitializeOnLoadAttributes (300ms)
				ProcessInitializeOnLoadMethodAttributes (6ms)
				AfterProcessingInitializeOnLoad (9ms)
				EditorAssembliesLoaded (0ms)
			ExecutionOrderSort2 (0ms)
			AwakeInstancesAfterBackupRestoration (13ms)
Platform modules already initialized, skipping
Refreshing native plugins compatible for Editor in 0.49 ms, found 3 plugins.
Preloading 0 native plugins for Editor in 0.00 ms.
Unloading 2082 Unused Serialized files (Serialized files now loaded: 0)
System memory in use before: 95.5 MB.
System memory in use after: 95.6 MB.

Unloading 16 unused Assets to reduce memory usage. Loaded Objects now: 2541.
Total: 3.833100 ms (FindLiveObjects: 0.290100 ms CreateObjectMapping: 0.132700 ms MarkObjects: 3.390300 ms  DeleteObjects: 0.019000 ms)

AssetImportParameters requested are different than current active one (requested -> active):
  custom:framework-win-MediaFoundation: 216162199b28c13a410421893ffa2e32 -> 
  custom:video-decoder-ogg-theora: a1e56fd34408186e4bbccfd4996cb3dc -> 
  custom:container-muxer-webm: aa71ff27fc2769a1b78a27578f13a17b -> 
  custom:container-demuxer-webm: 4f35f7cbe854078d1ac9338744f61a02 -> 
  custom:container-demuxer-ogg: 62fdf1f143b41e24485cea50d1cbac27 -> 
  custom:video-encoder-webm-vp8: eb34c28f22e8b96e1ab97ce403110664 -> 
  custom:video-decoder-webm-vp8: 9c59270c3fd7afecdb556c50c9e8de78 -> 
  custom:audio-decoder-ogg-vorbis: bf7c407c2cedff20999df2af8eb42d56 -> 
  custom:audio-encoder-webm-vorbis: bf7c407c2cedff20999df2af8eb42d56 -> 
========================================================================
Received Import Request.
  Time since last request: 559.656495 seconds.
  path: Assets/Sprites/cat/Idle (8).png
  artifactKey: Guid(ddabd515ab625974080c689dffa06ea1) Importer(815301076,1909f56bfc062723c751e8b465ee728b)
Start importing Assets/Sprites/cat/Idle (8).png using Guid(ddabd515ab625974080c689dffa06ea1) Importer(815301076,1909f56bfc062723c751e8b465ee728b)  -> (artifact id: 'd1f0f7a3f6267f80d055b9bed53435d4') in 0.056483 seconds 
  Import took 0.060226 seconds .

========================================================================
Received Import Request.
  Time since last request: 0.069315 seconds.
  path: Assets/Sprites/cat/Idle (2).png
  artifactKey: Guid(e7fc89eff6425b846b070c0cf8da9551) Importer(815301076,1909f56bfc062723c751e8b465ee728b)
Start importing Assets/Sprites/cat/Idle (2).png using Guid(e7fc89eff6425b846b070c0cf8da9551) Importer(815301076,1909f56bfc062723c751e8b465ee728b)  -> (artifact id: 'da53928ab37993cc794b049ab7c20693') in 0.014310 seconds 
  Import took 0.017820 seconds .

========================================================================
Received Import Request.
  Time since last request: 0.007214 seconds.
  path: Assets/Sprites/cat/Idle (2).png
  artifactKey: Guid(e7fc89eff6425b846b070c0cf8da9551) Importer(815301076,1909f56bfc062723c751e8b465ee728b)
Start importing Assets/Sprites/cat/Idle (2).png using Guid(e7fc89eff6425b846b070c0cf8da9551) Importer(815301076,1909f56bfc062723c751e8b465ee728b)  -> (artifact id: 'da53928ab37993cc794b049ab7c20693') in 0.013758 seconds 
  Import took 0.017147 seconds .

========================================================================
Received Import Request.
  Time since last request: 0.044821 seconds.
  path: Assets/Sprites/cat/Idle (3).png
  artifactKey: Guid(330e9d8c4b4b8e644b8a183e213218c8) Importer(815301076,1909f56bfc062723c751e8b465ee728b)
Start importing Assets/Sprites/cat/Idle (3).png using Guid(330e9d8c4b4b8e644b8a183e213218c8) Importer(815301076,1909f56bfc062723c751e8b465ee728b)  -> (artifact id: '78e37e4229263866fbfe3a63cf2f7461') in 0.014749 seconds 
  Import took 0.018164 seconds .

========================================================================
Received Import Request.
  Time since last request: 0.000825 seconds.
  path: Assets/Sprites/cat/Idle (3).png
  artifactKey: Guid(330e9d8c4b4b8e644b8a183e213218c8) Importer(815301076,1909f56bfc062723c751e8b465ee728b)
Start importing Assets/Sprites/cat/Idle (3).png using Guid(330e9d8c4b4b8e644b8a183e213218c8) Importer(815301076,1909f56bfc062723c751e8b465ee728b)  -> (artifact id: '78e37e4229263866fbfe3a63cf2f7461') in 0.013136 seconds 
  Import took 0.016710 seconds .

========================================================================
Received Import Request.
  Time since last request: 0.044448 seconds.
  path: Assets/Sprites/cat/Idle (4).png
  artifactKey: Guid(1f368da725f2a674cbe7dd20f0984d04) Importer(815301076,1909f56bfc062723c751e8b465ee728b)
Start importing Assets/Sprites/cat/Idle (4).png using Guid(1f368da725f2a674cbe7dd20f0984d04) Importer(815301076,1909f56bfc062723c751e8b465ee728b)  -> (artifact id: '3c28cc7c777fb03655b8fe36c90dbddb') in 0.015113 seconds 
  Import took 0.018535 seconds .

========================================================================
Received Import Request.
  Time since last request: 0.000826 seconds.
  path: Assets/Sprites/cat/Idle (4).png
  artifactKey: Guid(1f368da725f2a674cbe7dd20f0984d04) Importer(815301076,1909f56bfc062723c751e8b465ee728b)
Start importing Assets/Sprites/cat/Idle (4).png using Guid(1f368da725f2a674cbe7dd20f0984d04) Importer(815301076,1909f56bfc062723c751e8b465ee728b)  -> (artifact id: '3c28cc7c777fb03655b8fe36c90dbddb') in 0.014988 seconds 
  Import took 0.018356 seconds .

========================================================================
Received Import Request.
  Time since last request: 0.043590 seconds.
  path: Assets/Sprites/cat/Idle (5).png
  artifactKey: Guid(0b3bcb9ac1ce5e149a417515a9b34bd9) Importer(815301076,1909f56bfc062723c751e8b465ee728b)
Start importing Assets/Sprites/cat/Idle (5).png using Guid(0b3bcb9ac1ce5e149a417515a9b34bd9) Importer(815301076,1909f56bfc062723c751e8b465ee728b)  -> (artifact id: 'b70c57b05cc85e9aefac5b70fb122128') in 0.014799 seconds 
  Import took 0.018262 seconds .

========================================================================
Received Import Request.
  Time since last request: 0.003069 seconds.
  path: Assets/Sprites/cat/Idle (5).png
  artifactKey: Guid(0b3bcb9ac1ce5e149a417515a9b34bd9) Importer(815301076,1909f56bfc062723c751e8b465ee728b)
Start importing Assets/Sprites/cat/Idle (5).png using Guid(0b3bcb9ac1ce5e149a417515a9b34bd9) Importer(815301076,1909f56bfc062723c751e8b465ee728b)  -> (artifact id: 'b70c57b05cc85e9aefac5b70fb122128') in 0.013133 seconds 
  Import took 0.016436 seconds .

========================================================================
Received Import Request.
  Time since last request: 0.049191 seconds.
  path: Assets/Sprites/cat/Idle (6).png
  artifactKey: Guid(76be4cf9b75bd554d9b75c8de3f9195b) Importer(815301076,1909f56bfc062723c751e8b465ee728b)
Start importing Assets/Sprites/cat/Idle (6).png using Guid(76be4cf9b75bd554d9b75c8de3f9195b) Importer(815301076,1909f56bfc062723c751e8b465ee728b)  -> (artifact id: 'f787a2873425591d685bceecac6b0bc9') in 0.014753 seconds 
  Import took 0.018071 seconds .

========================================================================
Received Import Request.
  Time since last request: 0.003601 seconds.
  path: Assets/Sprites/cat/Idle (6).png
  artifactKey: Guid(76be4cf9b75bd554d9b75c8de3f9195b) Importer(815301076,1909f56bfc062723c751e8b465ee728b)
Start importing Assets/Sprites/cat/Idle (6).png using Guid(76be4cf9b75bd554d9b75c8de3f9195b) Importer(815301076,1909f56bfc062723c751e8b465ee728b)  -> (artifact id: 'f787a2873425591d685bceecac6b0bc9') in 0.014264 seconds 
  Import took 0.017796 seconds .

========================================================================
Received Import Request.
  Time since last request: 0.207565 seconds.
  path: Assets/Sprites/cat/Idle (9).png
  artifactKey: Guid(9840385301ca79b4ba3c6576e3a71cb9) Importer(815301076,1909f56bfc062723c751e8b465ee728b)
Start importing Assets/Sprites/cat/Idle (9).png using Guid(9840385301ca79b4ba3c6576e3a71cb9) Importer(815301076,1909f56bfc062723c751e8b465ee728b)  -> (artifact id: '7d35314c11ab924ce88a7f693c52bc4f') in 0.020144 seconds 
  Import took 0.023942 seconds .

========================================================================
Received Import Request.
  Time since last request: 0.005167 seconds.
  path: Assets/Sprites/cat/Idle (9).png
  artifactKey: Guid(9840385301ca79b4ba3c6576e3a71cb9) Importer(815301076,1909f56bfc062723c751e8b465ee728b)
Start importing Assets/Sprites/cat/Idle (9).png using Guid(9840385301ca79b4ba3c6576e3a71cb9) Importer(815301076,1909f56bfc062723c751e8b465ee728b)  -> (artifact id: '7d35314c11ab924ce88a7f693c52bc4f') in 0.014204 seconds 
  Import took 0.017738 seconds .

========================================================================
Received Prepare
Registering precompiled user dll's ...
Registered in 0.003920 seconds.
Begin MonoManager ReloadAssembly
Native extension for WindowsStandalone target not found
Native extension for OSXStandalone target not found
Native extension for WebGL target not found
Refreshing native plugins compatible for Editor in 0.49 ms, found 3 plugins.
Preloading 0 native plugins for Editor in 0.00 ms.
Mono: successfully reloaded assembly
- Completed reload, in  1.107 seconds
Domain Reload Profiling:
	ReloadAssembly (1107ms)
		BeginReloadAssembly (114ms)
			ExecutionOrderSort (0ms)
			DisableScriptedObjects (8ms)
			BackupInstance (0ms)
			ReleaseScriptingObjects (0ms)
			CreateAndSetChildDomain (35ms)
		EndReloadAssembly (924ms)
			LoadAssemblies (91ms)
			RebuildTransferFunctionScriptingTraits (0ms)
			SetupTypeCache (290ms)
			ReleaseScriptCaches (1ms)
			RebuildScriptCaches (44ms)
			SetupLoadedEditorAssemblies (386ms)
				LogAssemblyErrors (0ms)
				InitializePlatformSupportModulesInManaged (7ms)
				SetLoadedEditorAssemblies (0ms)
				RefreshPlugins (1ms)
				BeforeProcessingInitializeOnLoad (84ms)
				ProcessInitializeOnLoadAttributes (283ms)
				ProcessInitializeOnLoadMethodAttributes (6ms)
				AfterProcessingInitializeOnLoad (6ms)
				EditorAssembliesLoaded (0ms)
			ExecutionOrderSort2 (0ms)
			AwakeInstancesAfterBackupRestoration (12ms)
Platform modules already initialized, skipping
Refreshing native plugins compatible for Editor in 0.47 ms, found 3 plugins.
Preloading 0 native plugins for Editor in 0.00 ms.
Unloading 2082 Unused Serialized files (Serialized files now loaded: 0)
System memory in use before: 95.5 MB.
System memory in use after: 95.6 MB.

Unloading 16 unused Assets to reduce memory usage. Loaded Objects now: 2545.
Total: 3.133800 ms (FindLiveObjects: 0.185800 ms CreateObjectMapping: 0.084700 ms MarkObjects: 2.844800 ms  DeleteObjects: 0.017600 ms)

AssetImportParameters requested are different than current active one (requested -> active):
  custom:framework-win-MediaFoundation: 216162199b28c13a410421893ffa2e32 -> 
  custom:video-decoder-ogg-theora: a1e56fd34408186e4bbccfd4996cb3dc -> 
  custom:container-muxer-webm: aa71ff27fc2769a1b78a27578f13a17b -> 
  custom:container-demuxer-webm: 4f35f7cbe854078d1ac9338744f61a02 -> 
  custom:container-demuxer-ogg: 62fdf1f143b41e24485cea50d1cbac27 -> 
  custom:video-encoder-webm-vp8: eb34c28f22e8b96e1ab97ce403110664 -> 
  custom:video-decoder-webm-vp8: 9c59270c3fd7afecdb556c50c9e8de78 -> 
  custom:audio-decoder-ogg-vorbis: bf7c407c2cedff20999df2af8eb42d56 -> 
  custom:audio-encoder-webm-vorbis: bf7c407c2cedff20999df2af8eb42d56 -> 
========================================================================
Received Import Request.
  Time since last request: 20.091943 seconds.
  path: Assets/Sprites/cat/Walk (2).png
  artifactKey: Guid(fbabb799197b9c94095a8baf7bc09ecb) Importer(815301076,1909f56bfc062723c751e8b465ee728b)
Start importing Assets/Sprites/cat/Walk (2).png using Guid(fbabb799197b9c94095a8baf7bc09ecb) Importer(815301076,1909f56bfc062723c751e8b465ee728b)  -> (artifact id: '430c5a5cbf59be0dae9b5d0568094c43') in 0.055043 seconds 
  Import took 0.058701 seconds .

========================================================================
Received Import Request.
  Time since last request: 0.000238 seconds.
  path: Assets/Sprites/cat/Walk (3).png
  artifactKey: Guid(7323ba4a7d498e545954caf854cfa95f) Importer(815301076,1909f56bfc062723c751e8b465ee728b)
Start importing Assets/Sprites/cat/Walk (3).png using Guid(7323ba4a7d498e545954caf854cfa95f) Importer(815301076,1909f56bfc062723c751e8b465ee728b)  -> (artifact id: '8a315ad537d5a4ba0b05b4218f09b308') in 0.017909 seconds 
  Import took 0.021143 seconds .

========================================================================
Received Import Request.
  Time since last request: 0.043872 seconds.
  path: Assets/Sprites/cat/Walk (4).png
  artifactKey: Guid(1c71278447a11cc4d948d04553f802e3) Importer(815301076,1909f56bfc062723c751e8b465ee728b)
Start importing Assets/Sprites/cat/Walk (4).png using Guid(1c71278447a11cc4d948d04553f802e3) Importer(815301076,1909f56bfc062723c751e8b465ee728b)  -> (artifact id: '9a163e8be1382cf9a407bce7b938bf3e') in 0.015878 seconds 
  Import took 0.019684 seconds .

========================================================================
Received Import Request.
  Time since last request: 0.005577 seconds.
  path: Assets/Sprites/cat/Walk (4).png
  artifactKey: Guid(1c71278447a11cc4d948d04553f802e3) Importer(815301076,1909f56bfc062723c751e8b465ee728b)
Start importing Assets/Sprites/cat/Walk (4).png using Guid(1c71278447a11cc4d948d04553f802e3) Importer(815301076,1909f56bfc062723c751e8b465ee728b)  -> (artifact id: '9a163e8be1382cf9a407bce7b938bf3e') in 0.014469 seconds 
  Import took 0.017979 seconds .

========================================================================
Received Import Request.
  Time since last request: 0.037267 seconds.
  path: Assets/Sprites/cat/Walk (5).png
  artifactKey: Guid(54634c03a44c68f449e62de6be4de9c1) Importer(815301076,1909f56bfc062723c751e8b465ee728b)
Start importing Assets/Sprites/cat/Walk (5).png using Guid(54634c03a44c68f449e62de6be4de9c1) Importer(815301076,1909f56bfc062723c751e8b465ee728b)  -> (artifact id: '8799baa6475c0929d3cfdabf3720dd4c') in 0.015413 seconds 
  Import took 0.019624 seconds .

========================================================================
Received Import Request.
  Time since last request: 0.005105 seconds.
  path: Assets/Sprites/cat/Walk (5).png
  artifactKey: Guid(54634c03a44c68f449e62de6be4de9c1) Importer(815301076,1909f56bfc062723c751e8b465ee728b)
Start importing Assets/Sprites/cat/Walk (5).png using Guid(54634c03a44c68f449e62de6be4de9c1) Importer(815301076,1909f56bfc062723c751e8b465ee728b)  -> (artifact id: '8799baa6475c0929d3cfdabf3720dd4c') in 0.015584 seconds 
  Import took 0.018992 seconds .

========================================================================
Received Import Request.
  Time since last request: 0.039860 seconds.
  path: Assets/Sprites/cat/Walk (6).png
  artifactKey: Guid(a349fd1fb634cd44fb58642d98df2dc8) Importer(815301076,1909f56bfc062723c751e8b465ee728b)
Start importing Assets/Sprites/cat/Walk (6).png using Guid(a349fd1fb634cd44fb58642d98df2dc8) Importer(815301076,1909f56bfc062723c751e8b465ee728b)  -> (artifact id: '3b6f1a349ad07947f983eeefed96a939') in 0.015119 seconds 
  Import took 0.018718 seconds .

========================================================================
Received Import Request.
  Time since last request: 0.007140 seconds.
  path: Assets/Sprites/cat/Walk (6).png
  artifactKey: Guid(a349fd1fb634cd44fb58642d98df2dc8) Importer(815301076,1909f56bfc062723c751e8b465ee728b)
Start importing Assets/Sprites/cat/Walk (6).png using Guid(a349fd1fb634cd44fb58642d98df2dc8) Importer(815301076,1909f56bfc062723c751e8b465ee728b)  -> (artifact id: '3b6f1a349ad07947f983eeefed96a939') in 0.014061 seconds 
  Import took 0.017352 seconds .

========================================================================
Received Import Request.
  Time since last request: 0.038234 seconds.
  path: Assets/Sprites/cat/Walk (7).png
  artifactKey: Guid(4c92dae5096eb0d45a12000710b516e2) Importer(815301076,1909f56bfc062723c751e8b465ee728b)
Start importing Assets/Sprites/cat/Walk (7).png using Guid(4c92dae5096eb0d45a12000710b516e2) Importer(815301076,1909f56bfc062723c751e8b465ee728b)  -> (artifact id: '4711bd1b25ed3a3c9cb2f0c68add7c36') in 0.015006 seconds 
  Import took 0.018460 seconds .

========================================================================
Received Import Request.
  Time since last request: 0.007614 seconds.
  path: Assets/Sprites/cat/Walk (7).png
  artifactKey: Guid(4c92dae5096eb0d45a12000710b516e2) Importer(815301076,1909f56bfc062723c751e8b465ee728b)
Start importing Assets/Sprites/cat/Walk (7).png using Guid(4c92dae5096eb0d45a12000710b516e2) Importer(815301076,1909f56bfc062723c751e8b465ee728b)  -> (artifact id: '4711bd1b25ed3a3c9cb2f0c68add7c36') in 0.015830 seconds 
  Import took 0.019267 seconds .

========================================================================
Received Import Request.
  Time since last request: 0.036772 seconds.
  path: Assets/Sprites/cat/Walk (8).png
  artifactKey: Guid(a31596743be7e4744ab31b5f0010e7cf) Importer(815301076,1909f56bfc062723c751e8b465ee728b)
Start importing Assets/Sprites/cat/Walk (8).png using Guid(a31596743be7e4744ab31b5f0010e7cf) Importer(815301076,1909f56bfc062723c751e8b465ee728b)  -> (artifact id: '32606b43e699fde2a2d2baf29b2171f3') in 0.014849 seconds 
  Import took 0.018248 seconds .

========================================================================
Received Import Request.
  Time since last request: 0.007424 seconds.
  path: Assets/Sprites/cat/Walk (8).png
  artifactKey: Guid(a31596743be7e4744ab31b5f0010e7cf) Importer(815301076,1909f56bfc062723c751e8b465ee728b)
Start importing Assets/Sprites/cat/Walk (8).png using Guid(a31596743be7e4744ab31b5f0010e7cf) Importer(815301076,1909f56bfc062723c751e8b465ee728b)  -> (artifact id: '32606b43e699fde2a2d2baf29b2171f3') in 0.013997 seconds 
  Import took 0.017301 seconds .

========================================================================
Received Import Request.
  Time since last request: 0.130079 seconds.
  path: Assets/Sprites/cat/Walk (10).png
  artifactKey: Guid(14300dab60a200b419ea0f369440e96c) Importer(815301076,1909f56bfc062723c751e8b465ee728b)
Start importing Assets/Sprites/cat/Walk (10).png using Guid(14300dab60a200b419ea0f369440e96c) Importer(815301076,1909f56bfc062723c751e8b465ee728b)  -> (artifact id: '9c8b85c1df7c4dd66c256b32cd8ae825') in 0.022101 seconds 
  Import took 0.025455 seconds .

========================================================================
Received Import Request.
  Time since last request: 0.003925 seconds.
  path: Assets/Sprites/cat/Walk (10).png
  artifactKey: Guid(14300dab60a200b419ea0f369440e96c) Importer(815301076,1909f56bfc062723c751e8b465ee728b)
Start importing Assets/Sprites/cat/Walk (10).png using Guid(14300dab60a200b419ea0f369440e96c) Importer(815301076,1909f56bfc062723c751e8b465ee728b)  -> (artifact id: '9c8b85c1df7c4dd66c256b32cd8ae825') in 0.015849 seconds 
  Import took 0.019730 seconds .

========================================================================
Received Import Request.
  Time since last request: 9.946121 seconds.
  path: Assets/Sprites/cat/Run (2).png
  artifactKey: Guid(e1d5157fbea1c6648a4b62f180115bb6) Importer(815301076,1909f56bfc062723c751e8b465ee728b)
Start importing Assets/Sprites/cat/Run (2).png using Guid(e1d5157fbea1c6648a4b62f180115bb6) Importer(815301076,1909f56bfc062723c751e8b465ee728b)  -> (artifact id: '41e4d93ad26c72fae711429c785d652c') in 0.017388 seconds 
  Import took 0.022237 seconds .

========================================================================
Received Import Request.
  Time since last request: 0.002453 seconds.
  path: Assets/Sprites/cat/Run (2).png
  artifactKey: Guid(e1d5157fbea1c6648a4b62f180115bb6) Importer(815301076,1909f56bfc062723c751e8b465ee728b)
Start importing Assets/Sprites/cat/Run (2).png using Guid(e1d5157fbea1c6648a4b62f180115bb6) Importer(815301076,1909f56bfc062723c751e8b465ee728b)  -> (artifact id: '41e4d93ad26c72fae711429c785d652c') in 0.014148 seconds 
  Import took 0.017405 seconds .

========================================================================
Received Import Request.
  Time since last request: 0.086717 seconds.
  path: Assets/Sprites/cat/Run (4).png
  artifactKey: Guid(54fae899a1805b146a0c44799935933c) Importer(815301076,1909f56bfc062723c751e8b465ee728b)
Start importing Assets/Sprites/cat/Run (4).png using Guid(54fae899a1805b146a0c44799935933c) Importer(815301076,1909f56bfc062723c751e8b465ee728b)  -> (artifact id: '5f11e34cf705267fb1b8bb30a9e78b28') in 0.015100 seconds 
  Import took 0.019263 seconds .

========================================================================
Received Import Request.
  Time since last request: 0.006196 seconds.
  path: Assets/Sprites/cat/Run (4).png
  artifactKey: Guid(54fae899a1805b146a0c44799935933c) Importer(815301076,1909f56bfc062723c751e8b465ee728b)
Start importing Assets/Sprites/cat/Run (4).png using Guid(54fae899a1805b146a0c44799935933c) Importer(815301076,1909f56bfc062723c751e8b465ee728b)  -> (artifact id: '5f11e34cf705267fb1b8bb30a9e78b28') in 0.014613 seconds 
  Import took 0.018031 seconds .

========================================================================
Received Import Request.
  Time since last request: 0.037667 seconds.
  path: Assets/Sprites/cat/Run (5).png
  artifactKey: Guid(d533f704db1a6e74aaaede891f9673ea) Importer(815301076,1909f56bfc062723c751e8b465ee728b)
Start importing Assets/Sprites/cat/Run (5).png using Guid(d533f704db1a6e74aaaede891f9673ea) Importer(815301076,1909f56bfc062723c751e8b465ee728b)  -> (artifact id: 'f7de66ef0d46ef9419428bd3df187ecd') in 0.016091 seconds 
  Import took 0.019459 seconds .

========================================================================
Received Import Request.
  Time since last request: 0.005517 seconds.
  path: Assets/Sprites/cat/Run (5).png
  artifactKey: Guid(d533f704db1a6e74aaaede891f9673ea) Importer(815301076,1909f56bfc062723c751e8b465ee728b)
Start importing Assets/Sprites/cat/Run (5).png using Guid(d533f704db1a6e74aaaede891f9673ea) Importer(815301076,1909f56bfc062723c751e8b465ee728b)  -> (artifact id: 'f7de66ef0d46ef9419428bd3df187ecd') in 0.014241 seconds 
  Import took 0.017558 seconds .

========================================================================
Received Import Request.
  Time since last request: 0.040704 seconds.
  path: Assets/Sprites/cat/Run (6).png
  artifactKey: Guid(6e2645fe24034eb4da4ae076eda76f4b) Importer(815301076,1909f56bfc062723c751e8b465ee728b)
Start importing Assets/Sprites/cat/Run (6).png using Guid(6e2645fe24034eb4da4ae076eda76f4b) Importer(815301076,1909f56bfc062723c751e8b465ee728b)  -> (artifact id: 'b967584b2a07114d2c4dd2b179d3fff6') in 0.016402 seconds 
  Import took 0.019866 seconds .

========================================================================
Received Import Request.
  Time since last request: 0.009306 seconds.
  path: Assets/Sprites/cat/Run (6).png
  artifactKey: Guid(6e2645fe24034eb4da4ae076eda76f4b) Importer(815301076,1909f56bfc062723c751e8b465ee728b)
Start importing Assets/Sprites/cat/Run (6).png using Guid(6e2645fe24034eb4da4ae076eda76f4b) Importer(815301076,1909f56bfc062723c751e8b465ee728b)  -> (artifact id: 'b967584b2a07114d2c4dd2b179d3fff6') in 0.013434 seconds 
  Import took 0.017006 seconds .

========================================================================
Received Import Request.
  Time since last request: 0.036312 seconds.
  path: Assets/Sprites/cat/Run (7).png
  artifactKey: Guid(450750468c147524587a4866453b15ef) Importer(815301076,1909f56bfc062723c751e8b465ee728b)
Start importing Assets/Sprites/cat/Run (7).png using Guid(450750468c147524587a4866453b15ef) Importer(815301076,1909f56bfc062723c751e8b465ee728b)  -> (artifact id: '0eec0be66cb44cca18cb68e79c8f4700') in 0.015593 seconds 
  Import took 0.019093 seconds .

========================================================================
Received Import Request.
  Time since last request: 0.006650 seconds.
  path: Assets/Sprites/cat/Run (7).png
  artifactKey: Guid(450750468c147524587a4866453b15ef) Importer(815301076,1909f56bfc062723c751e8b465ee728b)
Start importing Assets/Sprites/cat/Run (7).png using Guid(450750468c147524587a4866453b15ef) Importer(815301076,1909f56bfc062723c751e8b465ee728b)  -> (artifact id: '0eec0be66cb44cca18cb68e79c8f4700') in 0.013514 seconds 
  Import took 0.016873 seconds .

========================================================================
Received Import Request.
  Time since last request: 0.038303 seconds.
  path: Assets/Sprites/cat/Run (8).png
  artifactKey: Guid(6cbc62f1c6090e0489eb255ad26f6fe5) Importer(815301076,1909f56bfc062723c751e8b465ee728b)
Start importing Assets/Sprites/cat/Run (8).png using Guid(6cbc62f1c6090e0489eb255ad26f6fe5) Importer(815301076,1909f56bfc062723c751e8b465ee728b)  -> (artifact id: 'fb16d9f01fe0ad20df2e475fbd61a215') in 0.015641 seconds 
  Import took 0.019594 seconds .

========================================================================
Received Import Request.
  Time since last request: 0.005172 seconds.
  path: Assets/Sprites/cat/Run (8).png
  artifactKey: Guid(6cbc62f1c6090e0489eb255ad26f6fe5) Importer(815301076,1909f56bfc062723c751e8b465ee728b)
Start importing Assets/Sprites/cat/Run (8).png using Guid(6cbc62f1c6090e0489eb255ad26f6fe5) Importer(815301076,1909f56bfc062723c751e8b465ee728b)  -> (artifact id: 'fb16d9f01fe0ad20df2e475fbd61a215') in 0.014001 seconds 
  Import took 0.017408 seconds .

========================================================================
Received Prepare
Registering precompiled user dll's ...
Registered in 0.003688 seconds.
Begin MonoManager ReloadAssembly
Native extension for WindowsStandalone target not found
Native extension for OSXStandalone target not found
Native extension for WebGL target not found
Refreshing native plugins compatible for Editor in 0.47 ms, found 3 plugins.
Preloading 0 native plugins for Editor in 0.00 ms.
Mono: successfully reloaded assembly
- Completed reload, in  1.111 seconds
Domain Reload Profiling:
	ReloadAssembly (1112ms)
		BeginReloadAssembly (110ms)
			ExecutionOrderSort (0ms)
			DisableScriptedObjects (6ms)
			BackupInstance (0ms)
			ReleaseScriptingObjects (0ms)
			CreateAndSetChildDomain (36ms)
		EndReloadAssembly (937ms)
			LoadAssemblies (89ms)
			RebuildTransferFunctionScriptingTraits (0ms)
			SetupTypeCache (282ms)
			ReleaseScriptCaches (1ms)
			RebuildScriptCaches (45ms)
			SetupLoadedEditorAssemblies (405ms)
				LogAssemblyErrors (0ms)
				InitializePlatformSupportModulesInManaged (7ms)
				SetLoadedEditorAssemblies (0ms)
				RefreshPlugins (1ms)
				BeforeProcessingInitializeOnLoad (85ms)
				ProcessInitializeOnLoadAttributes (300ms)
				ProcessInitializeOnLoadMethodAttributes (6ms)
				AfterProcessingInitializeOnLoad (7ms)
				EditorAssembliesLoaded (0ms)
			ExecutionOrderSort2 (0ms)
			AwakeInstancesAfterBackupRestoration (12ms)
Platform modules already initialized, skipping
Refreshing native plugins compatible for Editor in 0.50 ms, found 3 plugins.
Preloading 0 native plugins for Editor in 0.00 ms.
Unloading 2082 Unused Serialized files (Serialized files now loaded: 0)
System memory in use before: 95.6 MB.
System memory in use after: 95.7 MB.

Unloading 16 unused Assets to reduce memory usage. Loaded Objects now: 2549.
Total: 3.448300 ms (FindLiveObjects: 0.197600 ms CreateObjectMapping: 0.086900 ms MarkObjects: 3.142000 ms  DeleteObjects: 0.020700 ms)

AssetImportParameters requested are different than current active one (requested -> active):
  custom:framework-win-MediaFoundation: 216162199b28c13a410421893ffa2e32 -> 
  custom:video-decoder-ogg-theora: a1e56fd34408186e4bbccfd4996cb3dc -> 
  custom:container-muxer-webm: aa71ff27fc2769a1b78a27578f13a17b -> 
  custom:container-demuxer-webm: 4f35f7cbe854078d1ac9338744f61a02 -> 
  custom:container-demuxer-ogg: 62fdf1f143b41e24485cea50d1cbac27 -> 
  custom:video-encoder-webm-vp8: eb34c28f22e8b96e1ab97ce403110664 -> 
  custom:video-decoder-webm-vp8: 9c59270c3fd7afecdb556c50c9e8de78 -> 
  custom:audio-decoder-ogg-vorbis: bf7c407c2cedff20999df2af8eb42d56 -> 
  custom:audio-encoder-webm-vorbis: bf7c407c2cedff20999df2af8eb42d56 -> 
========================================================================
Received Prepare
Refreshing native plugins compatible for Editor in 3.82 ms, found 3 plugins.
Preloading 0 native plugins for Editor in 0.00 ms.
Unloading 14 Unused Serialized files (Serialized files now loaded: 0)
System memory in use before: 54.7 MB.
System memory in use after: 54.8 MB.

Unloading 14 unused Assets to reduce memory usage. Loaded Objects now: 2549.
Total: 3.384600 ms (FindLiveObjects: 0.192700 ms CreateObjectMapping: 0.086700 ms MarkObjects: 3.089700 ms  DeleteObjects: 0.014500 ms)

AssetImportParameters requested are different than current active one (requested -> active):
  custom:framework-win-MediaFoundation: 216162199b28c13a410421893ffa2e32 -> 
  custom:video-decoder-ogg-theora: a1e56fd34408186e4bbccfd4996cb3dc -> 
  custom:container-muxer-webm: aa71ff27fc2769a1b78a27578f13a17b -> 
  custom:container-demuxer-webm: 4f35f7cbe854078d1ac9338744f61a02 -> 
  custom:container-demuxer-ogg: 62fdf1f143b41e24485cea50d1cbac27 -> 
  custom:video-encoder-webm-vp8: eb34c28f22e8b96e1ab97ce403110664 -> 
  custom:video-decoder-webm-vp8: 9c59270c3fd7afecdb556c50c9e8de78 -> 
  custom:audio-decoder-ogg-vorbis: bf7c407c2cedff20999df2af8eb42d56 -> 
  custom:audio-encoder-webm-vorbis: bf7c407c2cedff20999df2af8eb42d56 -> 
AssetImportWorkerClient::OnTransportError - code=2 error=End of file
